Determining if the pthread_create exist failed with the following output:
Change Dir: /home/frederieke/Documents/repos/lushsurface/LushSurface/CMakeFiles/CMakeTmp

Run Build Command:"/usr/bin/make" "cmTC_8a6c8/fast"
/usr/bin/make -f CMakeFiles/cmTC_8a6c8.dir/build.make CMakeFiles/cmTC_8a6c8.dir/build
make[1]: Entering directory '/home/frederieke/Documents/repos/lushsurface/LushSurface/CMakeFiles/CMakeTmp'
Building C object CMakeFiles/cmTC_8a6c8.dir/CheckSymbolExists.c.o
/usr/bin/cc    -o CMakeFiles/cmTC_8a6c8.dir/CheckSymbolExists.c.o   -c /home/frederieke/Documents/repos/lushsurface/LushSurface/CMakeFiles/CMakeTmp/CheckSymbolExists.c
Linking C executable cmTC_8a6c8
/usr/bin/cmake -E cmake_link_script CMakeFiles/cmTC_8a6c8.dir/link.txt --verbose=1
/usr/bin/cc      -rdynamic CMakeFiles/cmTC_8a6c8.dir/CheckSymbolExists.c.o  -o cmTC_8a6c8 
CMakeFiles/cmTC_8a6c8.dir/CheckSymbolExists.c.o: In function `main':
CheckSymbolExists.c:(.text+0x1b): undefined reference to `pthread_create'
collect2: error: ld returned 1 exit status
CMakeFiles/cmTC_8a6c8.dir/build.make:97: recipe for target 'cmTC_8a6c8' failed
make[1]: *** [cmTC_8a6c8] Error 1
make[1]: Leaving directory '/home/frederieke/Documents/repos/lushsurface/LushSurface/CMakeFiles/CMakeTmp'
Makefile:126: recipe for target 'cmTC_8a6c8/fast' failed
make: *** [cmTC_8a6c8/fast] Error 2

File /home/frederieke/Documents/repos/lushsurface/LushSurface/CMakeFiles/CMakeTmp/CheckSymbolExists.c:
/* */
#include <pthread.h>

int main(int argc, char** argv)
{
  (void)argv;
#ifndef pthread_create
  return ((int*)(&pthread_create))[argc];
#else
  (void)argc;
  return 0;
#endif
}

Determining if the function pthread_create exists in the pthreads failed with the following output:
Change Dir: /home/frederieke/Documents/repos/lushsurface/LushSurface/CMakeFiles/CMakeTmp

Run Build Command:"/usr/bin/make" "cmTC_0beee/fast"
/usr/bin/make -f CMakeFiles/cmTC_0beee.dir/build.make CMakeFiles/cmTC_0beee.dir/build
make[1]: Entering directory '/home/frederieke/Documents/repos/lushsurface/LushSurface/CMakeFiles/CMakeTmp'
Building C object CMakeFiles/cmTC_0beee.dir/CheckFunctionExists.c.o
/usr/bin/cc   -DCHECK_FUNCTION_EXISTS=pthread_create   -o CMakeFiles/cmTC_0beee.dir/CheckFunctionExists.c.o   -c /usr/share/cmake-3.10/Modules/CheckFunctionExists.c
Linking C executable cmTC_0beee
/usr/bin/cmake -E cmake_link_script CMakeFiles/cmTC_0beee.dir/link.txt --verbose=1
/usr/bin/cc  -DCHECK_FUNCTION_EXISTS=pthread_create    -rdynamic CMakeFiles/cmTC_0beee.dir/CheckFunctionExists.c.o  -o cmTC_0beee -lpthreads 
/usr/bin/ld: cannot find -lpthreads
collect2: error: ld returned 1 exit status
CMakeFiles/cmTC_0beee.dir/build.make:97: recipe for target 'cmTC_0beee' failed
make[1]: *** [cmTC_0beee] Error 1
make[1]: Leaving directory '/home/frederieke/Documents/repos/lushsurface/LushSurface/CMakeFiles/CMakeTmp'
Makefile:126: recipe for target 'cmTC_0beee/fast' failed
make: *** [cmTC_0beee/fast] Error 2


